#
# A fatal error has been detected by the Java Runtime Environment:
#
#  EXCEPTION_STACK_OVERFLOW (0xc00000fd) at pc=0x00007ff97fe6aa13, pid=32084, tid=49472
#
# JRE version: OpenJDK Runtime Environment Temurin-17.0.9+9 (17.0.9+9) (build 17.0.9+9)
# Java VM: OpenJDK 64-Bit Server VM Temurin-17.0.9+9 (17.0.9+9, mixed mode, tiered, compressed oops, compressed class ptrs, g1 gc, windows-amd64)
# Problematic frame:
# V  [jvm.dll+0x38aa13]
#
# No core dump will be written. Minidumps are not enabled by default on client versions of Windows
#
# If you would like to submit a bug report, please visit:
#   https://github.com/adoptium/adoptium-support/issues
#

---------------  S U M M A R Y ------------

Command Line: -Dfile.encoding=UTF-8 -Dstdout.encoding=UTF-8 -Dstderr.encoding=UTF-8 -XX:+ShowCodeDetailsInExceptionMessages intro.ThoughtSphere

Host: 11th Gen Intel(R) Core(TM) i5-1135G7 @ 2.40GHz, 8 cores, 7G,  Windows 11 , 64 bit Build 22621 (10.0.22621.3085)
Time: Mon Mar 11 23:54:31 2024 India Standard Time elapsed time: 457158.614115 seconds (5d 6h 59m 18s)

---------------  T H R E A D  ---------------

Current thread (0x0000022504bc8990):  JavaThread "AWT-Shutdown" [_thread_in_vm, id=49472, stack(0x000000e365700000,0x000000e365800000)]

Stack: [0x000000e365700000,0x000000e365800000],  sp=0x000000e3657ff620,  free space=1021k
Native frames: (J=compiled Java code, j=interpreted, Vv=VM code, C=native code)
V  [jvm.dll+0x38aa13]
V  [jvm.dll+0x67ce62]
V  [jvm.dll+0x38b66b]
V  [jvm.dll+0x38b8f7]
V  [jvm.dll+0x4121f1]
V  [jvm.dll+0x7e9877]
V  [jvm.dll+0x7e3c3a]
